1661628656016	geckodriver	INFO	Listening on 127.0.0.1:38877
1661628656520	mozrunner::runner	INFO	Running command: "/usr/bin/firefox" "--marionette" "-headless" "--remote-debugging-port" "56693" "--remote-allow-hosts" "localhost" "-no-remote" "-profile" "/tmp/rust_mozprofileFvMn6M"
*** You are running in headless mode.
[GFX1-]: glxtest: libEGL missing
1661628657928	Marionette	INFO	Marionette enabled
1661628657932	Marionette	INFO	Listening on port 39731
WebDriver BiDi listening on ws://localhost:56693
Read port: 39731
1661628658071	RemoteAgent	WARN	TLS certificate errors will be ignored for this session
[GFX1-]: RenderCompositorSWGL failed mapping default framebuffer, no dt
console.warn: SearchSettings: "get: No settings file exists, new profile?" (new NotFoundError("Could not open the file at /tmp/rust_mozprofileFvMn6M/search.json.mozlz4", (void 0)))
Missing chrome or resource URL: resource://gre/modules/UpdateListener.jsm
Missing chrome or resource URL: resource://gre/modules/UpdateListener.sys.mjs
DevTools listening on ws://localhost:56693/devtools/browser/0d090ac1-a060-40bb-811d-665606180f3a
1661727117148	geckodriver	INFO	Listening on 127.0.0.1:49065
1661727117651	mozrunner::runner	INFO	Running command: "/usr/bin/firefox" "--marionette" "-headless" "--remote-debugging-port" "33257" "--remote-allow-hosts" "localhost" "-no-remote" "-profile" "/tmp/rust_mozprofilebNCJ3f"
*** You are running in headless mode.
[GFX1-]: glxtest: libEGL missing
1661727118233	Marionette	INFO	Marionette enabled
1661727118238	Marionette	INFO	Listening on port 38939
WebDriver BiDi listening on ws://localhost:33257
Read port: 38939
1661727118383	RemoteAgent	WARN	TLS certificate errors will be ignored for this session
[GFX1-]: RenderCompositorSWGL failed mapping default framebuffer, no dt
console.warn: SearchSettings: "get: No settings file exists, new profile?" (new NotFoundError("Could not open the file at /tmp/rust_mozprofilebNCJ3f/search.json.mozlz4", (void 0)))
Missing chrome or resource URL: resource://gre/modules/UpdateListener.jsm
Missing chrome or resource URL: resource://gre/modules/UpdateListener.sys.mjs
DevTools listening on ws://localhost:33257/devtools/browser/47a227bd-1ab0-4af8-b751-fce1c43c58d5
console.warn: LoginRecipes: "getRecipes: falling back to a synchronous message for:" "https://zwiftpower.com"
console.warn: LoginRecipes: "getRecipes: falling back to a synchronous message for:" "https://secure.zwift.com"
console.warn: LoginRecipes: "getRecipes: falling back to a synchronous message for:" "https://secure.zwift.com"
JavaScript error: resource://gre/modules/LoginManagerParent.jsm, line 136: TypeError: gRecipeManager is null
1661727179742	geckodriver	INFO	Listening on 127.0.0.1:52695
1661727180247	mozrunner::runner	INFO	Running command: "/usr/bin/firefox" "--marionette" "-headless" "--remote-debugging-port" "48573" "--remote-allow-hosts" "localhost" "-no-remote" "-profile" "/tmp/rust_mozprofilenVU7UQ"
*** You are running in headless mode.
[GFX1-]: glxtest: libEGL missing
1661727181379	Marionette	INFO	Marionette enabled
1661727181382	Marionette	INFO	Listening on port 45819
WebDriver BiDi listening on ws://localhost:48573
Read port: 45819
1661727181614	RemoteAgent	WARN	TLS certificate errors will be ignored for this session
[GFX1-]: RenderCompositorSWGL failed mapping default framebuffer, no dt
console.warn: SearchSettings: "get: No settings file exists, new profile?" (new NotFoundError("Could not open the file at /tmp/rust_mozprofilenVU7UQ/search.json.mozlz4", (void 0)))
Missing chrome or resource URL: resource://gre/modules/UpdateListener.jsm
Missing chrome or resource URL: resource://gre/modules/UpdateListener.sys.mjs
DevTools listening on ws://localhost:48573/devtools/browser/e4611bc0-a276-48cb-8041-8428ac8c9e34
console.warn: LoginRecipes: "getRecipes: falling back to a synchronous message for:" "https://zwiftpower.com"
1661727186115	Marionette	WARN	Ignoring event 'pageshow' because document has an invalid readyState of 'uninitialized'.
console.warn: LoginRecipes: "getRecipes: falling back to a synchronous message for:" "https://secure.zwift.com"
console.warn: LoginRecipes: "getRecipes: falling back to a synchronous message for:" "https://secure.zwift.com"
JavaScript error: resource://gre/modules/LoginManagerParent.jsm, line 136: TypeError: gRecipeManager is null
JavaScript warning: https://zwiftpower.com/zp/js/mini/event_results693.js?assets_version=132, line 1793: unreachable code after return statement
JavaScript warning: https://zwiftpower.com/zp/js/mini/event_results693.js?assets_version=132, line 1793: unreachable code after return statement
JavaScript warning: https://zwiftpower.com/zp/js/mini/event_results693.js?assets_version=132, line 1793: unreachable code after return statement
JavaScript warning: https://zwiftpower.com/zp/js/mini/event_results693.js?assets_version=132, line 1793: unreachable code after return statement
1661728082921	Marionette	INFO	Stopped listening on port 45819
Missing chrome or resource URL: resource://gre/modules/UpdateListener.jsm
Missing chrome or resource URL: resource://gre/modules/UpdateListener.sys.mjs
console.error: "Error during quit-application-granted: [Exception... \"File error: Not found\"  nsresult: \"0x80520012 (NS_ERROR_FILE_NOT_FOUND)\"  location: \"JS frame :: resource:///modules/BrowserGlue.jsm :: _onQuitApplicationGranted/tasks< :: line 2006\"  data: no]"
1661732994651	geckodriver	INFO	Listening on 127.0.0.1:42497
1661732994657	mozrunner::runner	INFO	Running command: "/usr/bin/firefox" "--marionette" "-headless" "--remote-debugging-port" "45203" "--remote-allow-hosts" "localhost" "-no-remote" "-profile" "/tmp/rust_mozprofileIqiunt"
*** You are running in headless mode.
[GFX1-]: glxtest: libEGL missing
1661732996811	Marionette	INFO	Marionette enabled
1661732996815	Marionette	INFO	Listening on port 35577
WebDriver BiDi listening on ws://localhost:45203
Read port: 35577
1661732996951	RemoteAgent	WARN	TLS certificate errors will be ignored for this session
[GFX1-]: RenderCompositorSWGL failed mapping default framebuffer, no dt
console.warn: SearchSettings: "get: No settings file exists, new profile?" (new NotFoundError("Could not open the file at /tmp/rust_mozprofileIqiunt/search.json.mozlz4", (void 0)))
Missing chrome or resource URL: resource://gre/modules/UpdateListener.jsm
Missing chrome or resource URL: resource://gre/modules/UpdateListener.sys.mjs
DevTools listening on ws://localhost:45203/devtools/browser/44af7b04-c0ac-4f1b-b109-c66d6933e452
console.warn: LoginRecipes: "getRecipes: falling back to a synchronous message for:" "https://zwiftpower.com"
1661733002361	Marionette	WARN	Ignoring event 'pageshow' because document has an invalid readyState of 'uninitialized'.
console.warn: LoginRecipes: "getRecipes: falling back to a synchronous message for:" "https://secure.zwift.com"
console.warn: LoginRecipes: "getRecipes: falling back to a synchronous message for:" "https://secure.zwift.com"
JavaScript error: resource://gre/modules/LoginManagerParent.jsm, line 136: TypeError: gRecipeManager is null
JavaScript warning: https://zwiftpower.com/zp/js/mini/event_results693.js?assets_version=132, line 1793: unreachable code after return statement
JavaScript warning: https://zwiftpower.com/zp/js/mini/event_results693.js?assets_version=132, line 1793: unreachable code after return statement
JavaScript warning: https://zwiftpower.com/zp/js/mini/event_results693.js?assets_version=132, line 1793: unreachable code after return statement
JavaScript warning: https://zwiftpower.com/zp/js/mini/event_results693.js?assets_version=132, line 1793: unreachable code after return statement
